{"@timestamp":"2026-05-06T15:18:05.432796781+05:30","@version":"1","message":"Starting ShoppingApplication v0.0.1-SNAPSHOT using Java 17.0.12 with PID 62158 (/home/deva/Projects/shopping/target/shopping-0.0.1-SNAPSHOT.jar started by deva in /home/deva/Projects/shopping)","logger_name":"com.ecommerce.shopping.ShoppingApplication","thread_name":"main","level":"INFO","level_value":20000}
{"@timestamp":"2026-05-06T15:18:05.443200762+05:30","@version":"1","message":"No active profile set, falling back to 1 default profile: \"default\"","logger_name":"com.ecommerce.shopping.ShoppingApplication","thread_name":"main","level":"INFO","level_value":20000}
{"@timestamp":"2026-05-06T15:18:06.518862435+05:30","@version":"1","message":"Bootstrapping Spring Data JPA repositories in DEFAULT mode.","logger_name":"org.springframework.data.repository.config.RepositoryConfigurationDelegate","thread_name":"main","level":"INFO","level_value":20000}
{"@timestamp":"2026-05-06T15:18:06.595470519+05:30","@version":"1","message":"Finished Spring Data repository scanning in 49 ms. Found 1 JPA repository interface.","logger_name":"org.springframework.data.repository.config.RepositoryConfigurationDelegate","thread_name":"main","level":"INFO","level_value":20000}
{"@timestamp":"2026-05-06T15:18:07.030138657+05:30","@version":"1","message":"Tomcat initialized with port 8080 (http)","logger_name":"org.springframework.boot.web.embedded.tomcat.TomcatWebServer","thread_name":"main","level":"INFO","level_value":20000}
{"@timestamp":"2026-05-06T15:18:07.046134238+05:30","@version":"1","message":"Initializing ProtocolHandler [\"http-nio-8080\"]","logger_name":"org.apache.coyote.http11.Http11NioProtocol","thread_name":"main","level":"INFO","level_value":20000}
{"@timestamp":"2026-05-06T15:18:07.050795974+05:30","@version":"1","message":"Starting service [Tomcat]","logger_name":"org.apache.catalina.core.StandardService","thread_name":"main","level":"INFO","level_value":20000}
{"@timestamp":"2026-05-06T15:18:07.051408863+05:30","@version":"1","message":"Starting Servlet engine: [Apache Tomcat/10.1.54]","logger_name":"org.apache.catalina.core.StandardEngine","thread_name":"main","level":"INFO","level_value":20000}
{"@timestamp":"2026-05-06T15:18:07.090814248+05:30","@version":"1","message":"Initializing Spring embedded WebApplicationContext","logger_name":"org.apache.catalina.core.ContainerBase.[Tomcat].[localhost].[/]","thread_name":"main","level":"INFO","level_value":20000}
{"@timestamp":"2026-05-06T15:18:07.09237341+05:30","@version":"1","message":"Root WebApplicationContext: initialization completed in 1615 ms","logger_name":"org.springframework.boot.web.servlet.context.ServletWebServerApplicationContext","thread_name":"main","level":"INFO","level_value":20000}
{"@timestamp":"2026-05-06T15:18:07.470232731+05:30","@version":"1","message":"HHH000204: Processing PersistenceUnitInfo [name: default]","logger_name":"org.hibernate.jpa.internal.util.LogHelper","thread_name":"main","level":"INFO","level_value":20000}
{"@timestamp":"2026-05-06T15:18:07.536046937+05:30","@version":"1","message":"HHH000412: Hibernate ORM core version 6.6.49.Final","logger_name":"org.hibernate.Version","thread_name":"main","level":"INFO","level_value":20000}
{"@timestamp":"2026-05-06T15:18:07.587639331+05:30","@version":"1","message":"HHH000026: Second-level cache disabled","logger_name":"org.hibernate.cache.internal.RegionFactoryInitiator","thread_name":"main","level":"INFO","level_value":20000}
{"@timestamp":"2026-05-06T15:18:07.853651528+05:30","@version":"1","message":"No LoadTimeWeaver setup: ignoring JPA class transformer","logger_name":"org.springframework.orm.jpa.persistenceunit.SpringPersistenceUnitInfo","thread_name":"main","level":"INFO","level_value":20000}
{"@timestamp":"2026-05-06T15:18:07.886547+05:30","@version":"1","message":"HikariPool-1 - Starting...","logger_name":"com.zaxxer.hikari.HikariDataSource","thread_name":"main","level":"INFO","level_value":20000}
{"@timestamp":"2026-05-06T15:18:08.098068139+05:30","@version":"1","message":"HikariPool-1 - Added connection conn0: url=jdbc:h2:mem:testdb user=SA","logger_name":"com.zaxxer.hikari.pool.HikariPool","thread_name":"main","level":"INFO","level_value":20000}
{"@timestamp":"2026-05-06T15:18:08.102362162+05:30","@version":"1","message":"HikariPool-1 - Start completed.","logger_name":"com.zaxxer.hikari.HikariDataSource","thread_name":"main","level":"INFO","level_value":20000}
{"@timestamp":"2026-05-06T15:18:08.132533588+05:30","@version":"1","message":"HHH90000025: H2Dialect does not need to be specified explicitly using 'hibernate.dialect' (remove the property setting and it will be selected by default)","logger_name":"org.hibernate.orm.deprecation","thread_name":"main","level":"WARN","level_value":30000}
{"@timestamp":"2026-05-06T15:18:08.161822855+05:30","@version":"1","message":"HHH10001005: Database info:\n\tDatabase JDBC URL [Connecting through datasource 'HikariDataSource (HikariPool-1)']\n\tDatabase driver: undefined/unknown\n\tDatabase version: 2.3.232\n\tAutocommit mode: undefined/unknown\n\tIsolation level: undefined/unknown\n\tMinimum pool size: undefined/unknown\n\tMaximum pool size: undefined/unknown","logger_name":"org.hibernate.orm.connections.pooling","thread_name":"main","level":"INFO","level_value":20000}
{"@timestamp":"2026-05-06T15:18:08.676473678+05:30","@version":"1","message":"HHH000489: No JTA platform available (set 'hibernate.transaction.jta.platform' to enable JTA platform integration)","logger_name":"org.hibernate.engine.transaction.jta.platform.internal.JtaPlatformInitiator","thread_name":"main","level":"INFO","level_value":20000}
{"@timestamp":"2026-05-06T15:18:08.721599285+05:30","@version":"1","message":"Initialized JPA EntityManagerFactory for persistence unit 'default'","logger_name":"org.springframework.orm.jpa.LocalContainerEntityManagerFactoryBean","thread_name":"main","level":"INFO","level_value":20000}
{"@timestamp":"2026-05-06T15:18:08.954104568+05:30","@version":"1","message":"spring.jpa.open-in-view is enabled by default. Therefore, database queries may be performed during view rendering. Explicitly configure spring.jpa.open-in-view to disable this warning","logger_name":"org.springframework.boot.autoconfigure.orm.jpa.JpaBaseConfiguration$JpaWebConfiguration","thread_name":"main","level":"WARN","level_value":30000}
{"@timestamp":"2026-05-06T15:18:10.04617777+05:30","@version":"1","message":"H2 console available at '/h2-console'. Database available at 'jdbc:h2:mem:testdb'","logger_name":"org.springframework.boot.autoconfigure.h2.H2ConsoleAutoConfiguration","thread_name":"main","level":"INFO","level_value":20000}
{"@timestamp":"2026-05-06T15:18:10.082877143+05:30","@version":"1","message":"Exposing 1 endpoint beneath base path '/actuator'","logger_name":"org.springframework.boot.actuate.endpoint.web.EndpointLinksResolver","thread_name":"main","level":"INFO","level_value":20000}
{"@timestamp":"2026-05-06T15:18:10.143726348+05:30","@version":"1","message":"Starting ProtocolHandler [\"http-nio-8080\"]","logger_name":"org.apache.coyote.http11.Http11NioProtocol","thread_name":"main","level":"INFO","level_value":20000}
{"@timestamp":"2026-05-06T15:18:10.162664975+05:30","@version":"1","message":"Tomcat started on port 8080 (http) with context path '/'","logger_name":"org.springframework.boot.web.embedded.tomcat.TomcatWebServer","thread_name":"main","level":"INFO","level_value":20000}
{"@timestamp":"2026-05-06T15:18:10.184993467+05:30","@version":"1","message":"Started ShoppingApplication in 5.351 seconds (process running for 5.676)","logger_name":"com.ecommerce.shopping.ShoppingApplication","thread_name":"main","level":"INFO","level_value":20000}
{"@timestamp":"2026-05-06T15:18:16.565281305+05:30","@version":"1","message":"Initializing Spring DispatcherServlet 'dispatcherServlet'","logger_name":"org.apache.catalina.core.ContainerBase.[Tomcat].[localhost].[/]","thread_name":"http-nio-8080-exec-1","level":"INFO","level_value":20000}
{"@timestamp":"2026-05-06T15:18:16.565846187+05:30","@version":"1","message":"Initializing Servlet 'dispatcherServlet'","logger_name":"org.springframework.web.servlet.DispatcherServlet","thread_name":"http-nio-8080-exec-1","level":"INFO","level_value":20000}
{"@timestamp":"2026-05-06T15:18:16.56727892+05:30","@version":"1","message":"Completed initialization in 1 ms","logger_name":"org.springframework.web.servlet.DispatcherServlet","thread_name":"http-nio-8080-exec-1","level":"INFO","level_value":20000}
{"@timestamp":"2026-05-06T15:21:27.496426936+05:30","@version":"1","message":"Starting ShoppingApplication using Java 17.0.12 with PID 62401 (/home/deva/Projects/shopping/target/classes started by deva in /home/deva/Projects/shopping)","logger_name":"com.ecommerce.shopping.ShoppingApplication","thread_name":"main","level":"INFO","level_value":20000}
{"@timestamp":"2026-05-06T15:21:27.501755207+05:30","@version":"1","message":"No active profile set, falling back to 1 default profile: \"default\"","logger_name":"com.ecommerce.shopping.ShoppingApplication","thread_name":"main","level":"INFO","level_value":20000}
{"@timestamp":"2026-05-06T15:21:27.896839795+05:30","@version":"1","message":"Bootstrapping Spring Data JPA repositories in DEFAULT mode.","logger_name":"org.springframework.data.repository.config.RepositoryConfigurationDelegate","thread_name":"main","level":"INFO","level_value":20000}
{"@timestamp":"2026-05-06T15:21:27.921250672+05:30","@version":"1","message":"Finished Spring Data repository scanning in 20 ms. Found 1 JPA repository interface.","logger_name":"org.springframework.data.repository.config.RepositoryConfigurationDelegate","thread_name":"main","level":"INFO","level_value":20000}
{"@timestamp":"2026-05-06T15:21:28.127812384+05:30","@version":"1","message":"Tomcat initialized with port 8080 (http)","logger_name":"org.springframework.boot.web.embedded.tomcat.TomcatWebServer","thread_name":"main","level":"INFO","level_value":20000}
{"@timestamp":"2026-05-06T15:21:28.133451163+05:30","@version":"1","message":"Initializing ProtocolHandler [\"http-nio-8080\"]","logger_name":"org.apache.coyote.http11.Http11NioProtocol","thread_name":"main","level":"INFO","level_value":20000}
{"@timestamp":"2026-05-06T15:21:28.134592774+05:30","@version":"1","message":"Starting service [Tomcat]","logger_name":"org.apache.catalina.core.StandardService","thread_name":"main","level":"INFO","level_value":20000}
{"@timestamp":"2026-05-06T15:21:28.134742393+05:30","@version":"1","message":"Starting Servlet engine: [Apache Tomcat/10.1.54]","logger_name":"org.apache.catalina.core.StandardEngine","thread_name":"main","level":"INFO","level_value":20000}
{"@timestamp":"2026-05-06T15:21:28.168838562+05:30","@version":"1","message":"Initializing Spring embedded WebApplicationContext","logger_name":"org.apache.catalina.core.ContainerBase.[Tomcat].[localhost].[/]","thread_name":"main","level":"INFO","level_value":20000}
{"@timestamp":"2026-05-06T15:21:28.169622809+05:30","@version":"1","message":"Root WebApplicationContext: initialization completed in 647 ms","logger_name":"org.springframework.boot.web.servlet.context.ServletWebServerApplicationContext","thread_name":"main","level":"INFO","level_value":20000}
{"@timestamp":"2026-05-06T15:21:28.283906325+05:30","@version":"1","message":"HHH000204: Processing PersistenceUnitInfo [name: default]","logger_name":"org.hibernate.jpa.internal.util.LogHelper","thread_name":"main","level":"INFO","level_value":20000}
{"@timestamp":"2026-05-06T15:21:28.311417545+05:30","@version":"1","message":"HHH000412: Hibernate ORM core version 6.6.49.Final","logger_name":"org.hibernate.Version","thread_name":"main","level":"INFO","level_value":20000}
{"@timestamp":"2026-05-06T15:21:28.325766694+05:30","@version":"1","message":"HHH000026: Second-level cache disabled","logger_name":"org.hibernate.cache.internal.RegionFactoryInitiator","thread_name":"main","level":"INFO","level_value":20000}
{"@timestamp":"2026-05-06T15:21:28.442418249+05:30","@version":"1","message":"No LoadTimeWeaver setup: ignoring JPA class transformer","logger_name":"org.springframework.orm.jpa.persistenceunit.SpringPersistenceUnitInfo","thread_name":"main","level":"INFO","level_value":20000}
{"@timestamp":"2026-05-06T15:21:28.45520222+05:30","@version":"1","message":"HikariPool-1 - Starting...","logger_name":"com.zaxxer.hikari.HikariDataSource","thread_name":"main","level":"INFO","level_value":20000}
{"@timestamp":"2026-05-06T15:21:28.535745819+05:30","@version":"1","message":"HikariPool-1 - Added connection conn0: url=jdbc:h2:mem:testdb user=SA","logger_name":"com.zaxxer.hikari.pool.HikariPool","thread_name":"main","level":"INFO","level_value":20000}
{"@timestamp":"2026-05-06T15:21:28.536989636+05:30","@version":"1","message":"HikariPool-1 - Start completed.","logger_name":"com.zaxxer.hikari.HikariDataSource","thread_name":"main","level":"INFO","level_value":20000}
{"@timestamp":"2026-05-06T15:21:28.547804233+05:30","@version":"1","message":"HHH90000025: H2Dialect does not need to be specified explicitly using 'hibernate.dialect' (remove the property setting and it will be selected by default)","logger_name":"org.hibernate.orm.deprecation","thread_name":"main","level":"WARN","level_value":30000}
{"@timestamp":"2026-05-06T15:21:28.558035554+05:30","@version":"1","message":"HHH10001005: Database info:\n\tDatabase JDBC URL [Connecting through datasource 'HikariDataSource (HikariPool-1)']\n\tDatabase driver: undefined/unknown\n\tDatabase version: 2.3.232\n\tAutocommit mode: undefined/unknown\n\tIsolation level: undefined/unknown\n\tMinimum pool size: undefined/unknown\n\tMaximum pool size: undefined/unknown","logger_name":"org.hibernate.orm.connections.pooling","thread_name":"main","level":"INFO","level_value":20000}
{"@timestamp":"2026-05-06T15:21:28.951236208+05:30","@version":"1","message":"HHH000489: No JTA platform available (set 'hibernate.transaction.jta.platform' to enable JTA platform integration)","logger_name":"org.hibernate.engine.transaction.jta.platform.internal.JtaPlatformInitiator","thread_name":"main","level":"INFO","level_value":20000}
{"@timestamp":"2026-05-06T15:21:28.987769934+05:30","@version":"1","message":"Initialized JPA EntityManagerFactory for persistence unit 'default'","logger_name":"org.springframework.orm.jpa.LocalContainerEntityManagerFactoryBean","thread_name":"main","level":"INFO","level_value":20000}
{"@timestamp":"2026-05-06T15:21:29.080850757+05:30","@version":"1","message":"spring.jpa.open-in-view is enabled by default. Therefore, database queries may be performed during view rendering. Explicitly configure spring.jpa.open-in-view to disable this warning","logger_name":"org.springframework.boot.autoconfigure.orm.jpa.JpaBaseConfiguration$JpaWebConfiguration","thread_name":"main","level":"WARN","level_value":30000}
{"@timestamp":"2026-05-06T15:21:29.314354712+05:30","@version":"1","message":"H2 console available at '/h2-console'. Database available at 'jdbc:h2:mem:testdb'","logger_name":"org.springframework.boot.autoconfigure.h2.H2ConsoleAutoConfiguration","thread_name":"main","level":"INFO","level_value":20000}
{"@timestamp":"2026-05-06T15:21:29.323257487+05:30","@version":"1","message":"Exposing 1 endpoint beneath base path '/actuator'","logger_name":"org.springframework.boot.actuate.endpoint.web.EndpointLinksResolver","thread_name":"main","level":"INFO","level_value":20000}
{"@timestamp":"2026-05-06T15:21:29.348706169+05:30","@version":"1","message":"Starting ProtocolHandler [\"http-nio-8080\"]","logger_name":"org.apache.coyote.http11.Http11NioProtocol","thread_name":"main","level":"INFO","level_value":20000}
{"@timestamp":"2026-05-06T15:21:29.351394514+05:30","@version":"1","message":"Exception encountered during context initialization - cancelling refresh attempt: org.springframework.context.ApplicationContextException: Failed to start bean 'webServerStartStop'","logger_name":"org.springframework.boot.web.servlet.context.AnnotationConfigServletWebServerApplicationContext","thread_name":"main","level":"WARN","level_value":30000}
{"@timestamp":"2026-05-06T15:21:29.35239342+05:30","@version":"1","message":"Closing JPA EntityManagerFactory for persistence unit 'default'","logger_name":"org.springframework.orm.jpa.LocalContainerEntityManagerFactoryBean","thread_name":"main","level":"INFO","level_value":20000}
{"@timestamp":"2026-05-06T15:21:29.353610025+05:30","@version":"1","message":"HikariPool-1 - Shutdown initiated...","logger_name":"com.zaxxer.hikari.HikariDataSource","thread_name":"main","level":"INFO","level_value":20000}
{"@timestamp":"2026-05-06T15:21:29.354803982+05:30","@version":"1","message":"HikariPool-1 - Shutdown completed.","logger_name":"com.zaxxer.hikari.HikariDataSource","thread_name":"main","level":"INFO","level_value":20000}
{"@timestamp":"2026-05-06T15:21:29.366233562+05:30","@version":"1","message":"\n\nError starting ApplicationContext. To display the condition evaluation report re-run your application with 'debug' enabled.","logger_name":"org.springframework.boot.autoconfigure.logging.ConditionEvaluationReportLogger","thread_name":"main","level":"INFO","level_value":20000}
{"@timestamp":"2026-05-06T15:21:29.372882348+05:30","@version":"1","message":"\n\n***************************\nAPPLICATION FAILED TO START\n***************************\n\nDescription:\n\nWeb server failed to start. Port 8080 was already in use.\n\nAction:\n\nIdentify and stop the process that's listening on port 8080 or configure this application to listen on another port.\n","logger_name":"org.springframework.boot.diagnostics.LoggingFailureAnalysisReporter","thread_name":"main","level":"ERROR","level_value":40000}
{"@timestamp":"2026-05-06T15:23:54.398843825+05:30","@version":"1","message":"Creating user with email: vijay@gmail.com","logger_name":"com.ecommerce.shopping.service.UserService","thread_name":"http-nio-8080-exec-8","level":"INFO","level_value":20000}
{"@timestamp":"2026-05-06T15:23:54.461574547+05:30","@version":"1","message":"User added successfully in DataBase with ID: 1","logger_name":"com.ecommerce.shopping.service.UserService","thread_name":"http-nio-8080-exec-8","level":"INFO","level_value":20000}
